[non-job]: 2018-12-11 22:04:07 INFO - Starting execution.
[non-job]: 2018-12-11 22:04:07 INFO - Version: Norconex HTTP Collector 2.8.1 (Norconex Inc.)
[non-job]: 2018-12-11 22:04:07 INFO - Version: Norconex Collector Core 1.9.1 (Norconex Inc.)
[non-job]: 2018-12-11 22:04:07 INFO - Version: Norconex Importer 2.9.0 (Norconex Inc.)
[non-job]: 2018-12-11 22:04:07 INFO - Version: Norconex JEF 4.1.0 (Norconex Inc.)
[non-job]: 2018-12-11 22:04:07 INFO - Version: Norconex Committer Core 2.1.2 (Norconex Inc.)
[non-job]: 2018-12-11 22:04:07 INFO - Version: Norconex Committer Elasticsearch 4.1.0 (Norconex Inc.)
norconex-crawler: 2018-12-11 22:04:07 INFO - Running norconex-crawler: BEGIN (Tue Dec 11 22:04:07 CET 2018)
norconex-crawler: 2018-12-11 22:04:07 INFO - norconex-crawler: RobotsTxt support: true
norconex-crawler: 2018-12-11 22:04:07 INFO - norconex-crawler: RobotsMeta support: true
norconex-crawler: 2018-12-11 22:04:07 INFO - norconex-crawler: Sitemap support: true
norconex-crawler: 2018-12-11 22:04:07 INFO - norconex-crawler: Canonical links support: true
norconex-crawler: 2018-12-11 22:04:07 INFO - norconex-crawler: User-Agent: <None specified>
norconex-crawler: 2018-12-11 22:04:08 INFO - norconex-crawler: Initializing sitemap store...
norconex-crawler: 2018-12-11 22:04:08 INFO - norconex-crawler: Done initializing sitemap store.
norconex-crawler: 2018-12-11 22:04:10 ERROR - Could not obtain sitemap: https://foreach.be/sitemap_index.xml.  Expected status code 200, but got 301
norconex-crawler: 2018-12-11 22:04:10 ERROR - Could not obtain sitemap: https://foreach.be/sitemap.xml.  Expected status code 200, but got 301
norconex-crawler: 2018-12-11 22:04:10 INFO - 1 start URLs identified.
norconex-crawler: 2018-12-11 22:04:10 INFO -           CRAWLER_STARTED
norconex-crawler: 2018-12-11 22:04:10 INFO - norconex-crawler: Crawling references...
norconex-crawler: 2018-12-11 22:04:10 INFO -       REJECTED_REDIRECTED: https://foreach.be
norconex-crawler: 2018-12-11 22:04:10 INFO -           REJECTED_FILTER: https://www.foreach.be/
norconex-crawler: 2018-12-11 22:04:10 INFO - norconex-crawler: Reprocessing any cached/orphan references...
norconex-crawler: 2018-12-11 22:04:10 INFO - norconex-crawler: Crawler finishing: committing documents.
norconex-crawler: 2018-12-11 22:04:10 INFO - Elasticsearch RestClient closed.
norconex-crawler: 2018-12-11 22:04:10 INFO - norconex-crawler: 1 reference(s) processed.
norconex-crawler: 2018-12-11 22:04:10 INFO -          CRAWLER_FINISHED
norconex-crawler: 2018-12-11 22:04:10 INFO - norconex-crawler: Crawler completed.
norconex-crawler: 2018-12-11 22:04:10 INFO - norconex-crawler: Crawler executed in 3 seconds.
norconex-crawler: 2018-12-11 22:04:10 INFO - norconex-crawler: Closing sitemap store...
norconex-crawler: 2018-12-11 22:04:10 INFO - Running norconex-crawler: END (Tue Dec 11 22:04:07 CET 2018)
